2022-12-08 14:35:41,138 DEBUG    root            Loaded Command Group: ['gcloud', 'components']
2022-12-08 14:35:41,140 DEBUG    root            Loaded Command Group: ['gcloud', 'components', 'update']
2022-12-08 14:35:41,143 DEBUG    root            Running [gcloud.components.update] with arguments: [--quiet: "True", COMPONENT-IDS:8: "['gcloud', 'core', 'bq', 'gsutil', 'compute', 'preview', 'alpha', 'beta']"]
2022-12-08 14:35:41,144 INFO     ___FILE_ONLY___ Beginning update. This process may take several minutes.

2022-12-08 14:35:41,149 DEBUG    urllib3.connectionpool Starting new HTTPS connection (1): dl.google.com:443
2022-12-08 14:35:41,173 DEBUG    urllib3.connectionpool https://dl.google.com:443 "GET /dl/cloudsdk/channels/rapid/components-2.json HTTP/1.1" 200 203441
2022-12-08 14:35:41,190 WARNING  root            Component [preview] no longer exists.
2022-12-08 14:35:41,191 WARNING  root            Component [compute] no longer exists.
2022-12-08 14:35:41,192 INFO     ___FILE_ONLY___ 

2022-12-08 14:35:41,192 INFO     ___FILE_ONLY___ 
Your current Google Cloud CLI version is: 411.0.0

2022-12-08 14:35:41,192 INFO     ___FILE_ONLY___ Installing components from version: 411.0.0

2022-12-08 14:35:41,192 INFO     ___FILE_ONLY___ 

2022-12-08 14:35:41,195 INFO     ___FILE_ONLY___ ┌──────────────────────────────────────────────┐
2022-12-08 14:35:41,195 INFO     ___FILE_ONLY___ 

2022-12-08 14:35:41,195 INFO     ___FILE_ONLY___ │     These components will be installed.      │
2022-12-08 14:35:41,195 INFO     ___FILE_ONLY___ 

2022-12-08 14:35:41,196 INFO     ___FILE_ONLY___ ├───────────────────────┬────────────┬─────────┤
2022-12-08 14:35:41,196 INFO     ___FILE_ONLY___ 

2022-12-08 14:35:41,196 INFO     ___FILE_ONLY___ │          Name         │  Version   │   Size  │
2022-12-08 14:35:41,196 INFO     ___FILE_ONLY___ 

2022-12-08 14:35:41,196 INFO     ___FILE_ONLY___ ├───────────────────────┼────────────┼─────────┤
2022-12-08 14:35:41,196 INFO     ___FILE_ONLY___ 

2022-12-08 14:35:41,196 INFO     ___FILE_ONLY___ │ 
2022-12-08 14:35:41,196 INFO     ___FILE_ONLY___ gcloud Alpha Commands
2022-12-08 14:35:41,196 INFO     ___FILE_ONLY___  
2022-12-08 14:35:41,196 INFO     ___FILE_ONLY___ │ 
2022-12-08 14:35:41,196 INFO     ___FILE_ONLY___ 2022.12.05
2022-12-08 14:35:41,196 INFO     ___FILE_ONLY___  
2022-12-08 14:35:41,196 INFO     ___FILE_ONLY___ │ 
2022-12-08 14:35:41,197 INFO     ___FILE_ONLY___ < 1 MiB
2022-12-08 14:35:41,197 INFO     ___FILE_ONLY___  
2022-12-08 14:35:41,197 INFO     ___FILE_ONLY___ │
2022-12-08 14:35:41,197 INFO     ___FILE_ONLY___ 

2022-12-08 14:35:41,197 INFO     ___FILE_ONLY___ │ 
2022-12-08 14:35:41,197 INFO     ___FILE_ONLY___ gcloud Beta Commands 
2022-12-08 14:35:41,197 INFO     ___FILE_ONLY___  
2022-12-08 14:35:41,197 INFO     ___FILE_ONLY___ │ 
2022-12-08 14:35:41,197 INFO     ___FILE_ONLY___ 2022.12.05
2022-12-08 14:35:41,197 INFO     ___FILE_ONLY___  
2022-12-08 14:35:41,197 INFO     ___FILE_ONLY___ │ 
2022-12-08 14:35:41,197 INFO     ___FILE_ONLY___ < 1 MiB
2022-12-08 14:35:41,197 INFO     ___FILE_ONLY___  
2022-12-08 14:35:41,197 INFO     ___FILE_ONLY___ │
2022-12-08 14:35:41,197 INFO     ___FILE_ONLY___ 

2022-12-08 14:35:41,198 INFO     ___FILE_ONLY___ └───────────────────────┴────────────┴─────────┘
2022-12-08 14:35:41,198 INFO     ___FILE_ONLY___ 

2022-12-08 14:35:41,198 INFO     ___FILE_ONLY___ 

2022-12-08 14:35:41,200 DEBUG    urllib3.connectionpool Starting new HTTPS connection (1): dl.google.com:443
2022-12-08 14:35:41,219 DEBUG    urllib3.connectionpool https://dl.google.com:443 "GET /dl/cloudsdk/channels/rapid/RELEASE_NOTES HTTP/1.1" 200 910010
2022-12-08 14:35:41,249 INFO     ___FILE_ONLY___ For the latest full release notes, please visit:
  https://cloud.google.com/sdk/release_notes


2022-12-08 14:35:41,255 INFO     ___FILE_ONLY___ ╔════════════════════════════════════════════════════════════╗

2022-12-08 14:35:41,256 INFO     ___FILE_ONLY___ ╠═ Creating update staging area                             ═╣

2022-12-08 14:35:41,256 INFO     ___FILE_ONLY___ ╚
2022-12-08 14:35:41,256 INFO     ___FILE_ONLY___ ══════
2022-12-08 14:35:41,960 INFO     ___FILE_ONLY___ ══════
2022-12-08 14:35:41,960 INFO     ___FILE_ONLY___ ══════
2022-12-08 14:35:42,375 INFO     ___FILE_ONLY___ ═
2022-12-08 14:35:42,515 INFO     ___FILE_ONLY___ ═
2022-12-08 14:35:42,662 INFO     ___FILE_ONLY___ ═
2022-12-08 14:35:42,959 INFO     ___FILE_ONLY___ ═
2022-12-08 14:35:43,046 INFO     ___FILE_ONLY___ ═
2022-12-08 14:35:43,149 INFO     ___FILE_ONLY___ ═
2022-12-08 14:35:43,238 INFO     ___FILE_ONLY___ ═
2022-12-08 14:35:43,308 INFO     ___FILE_ONLY___ ═
2022-12-08 14:35:43,379 INFO     ___FILE_ONLY___ ═
2022-12-08 14:35:43,486 INFO     ___FILE_ONLY___ ═
2022-12-08 14:35:43,545 INFO     ___FILE_ONLY___ ═
2022-12-08 14:35:43,634 INFO     ___FILE_ONLY___ ═
2022-12-08 14:35:43,733 INFO     ___FILE_ONLY___ ═
2022-12-08 14:35:43,826 INFO     ___FILE_ONLY___ ═
2022-12-08 14:35:43,910 INFO     ___FILE_ONLY___ ═
2022-12-08 14:35:44,011 INFO     ___FILE_ONLY___ ═
2022-12-08 14:35:44,116 INFO     ___FILE_ONLY___ ═
2022-12-08 14:35:44,435 INFO     ___FILE_ONLY___ ═
2022-12-08 14:35:44,512 INFO     ___FILE_ONLY___ ═
2022-12-08 14:35:44,791 INFO     ___FILE_ONLY___ ═
2022-12-08 14:35:44,885 INFO     ___FILE_ONLY___ ═
2022-12-08 14:35:44,958 INFO     ___FILE_ONLY___ ═
2022-12-08 14:35:44,999 INFO     ___FILE_ONLY___ ═
2022-12-08 14:35:45,032 INFO     ___FILE_ONLY___ ═
2022-12-08 14:35:45,066 INFO     ___FILE_ONLY___ ═
2022-12-08 14:35:45,103 INFO     ___FILE_ONLY___ ═
2022-12-08 14:35:45,234 INFO     ___FILE_ONLY___ ═
2022-12-08 14:35:45,412 INFO     ___FILE_ONLY___ ═
2022-12-08 14:35:45,505 INFO     ___FILE_ONLY___ ═
2022-12-08 14:35:45,557 INFO     ___FILE_ONLY___ ═
2022-12-08 14:35:45,614 INFO     ___FILE_ONLY___ ═
2022-12-08 14:35:45,686 INFO     ___FILE_ONLY___ ═
2022-12-08 14:35:45,752 INFO     ___FILE_ONLY___ ═
2022-12-08 14:35:45,812 INFO     ___FILE_ONLY___ ═
2022-12-08 14:35:45,882 INFO     ___FILE_ONLY___ ═
2022-12-08 14:35:45,943 INFO     ___FILE_ONLY___ ═
2022-12-08 14:35:46,012 INFO     ___FILE_ONLY___ ═
2022-12-08 14:35:46,072 INFO     ___FILE_ONLY___ ═
2022-12-08 14:35:46,131 INFO     ___FILE_ONLY___ ═
2022-12-08 14:35:46,290 INFO     ___FILE_ONLY___ ═
2022-12-08 14:35:46,361 INFO     ___FILE_ONLY___ ═
2022-12-08 14:35:46,431 INFO     ___FILE_ONLY___ ═
2022-12-08 14:35:46,431 INFO     ___FILE_ONLY___ ╝

2022-12-08 14:35:48,600 INFO     ___FILE_ONLY___ ╔════════════════════════════════════════════════════════════╗

2022-12-08 14:35:48,600 INFO     ___FILE_ONLY___ ╠═ Installing: gcloud Alpha Commands                        ═╣

2022-12-08 14:35:48,600 INFO     ___FILE_ONLY___ ╚
2022-12-08 14:35:48,604 DEBUG    urllib3.connectionpool Starting new HTTPS connection (1): dl.google.com:443
2022-12-08 14:35:48,628 DEBUG    urllib3.connectionpool https://dl.google.com:443 "GET /dl/cloudsdk/channels/rapid/components/google-cloud-sdk-alpha-20221205224721.tar.gz HTTP/1.1" 200 800
2022-12-08 14:35:48,629 INFO     ___FILE_ONLY___ ══════════════════════════════
2022-12-08 14:35:48,631 INFO     ___FILE_ONLY___ ══════════════════════════════
2022-12-08 14:35:48,631 INFO     ___FILE_ONLY___ ╝

2022-12-08 14:35:48,646 INFO     ___FILE_ONLY___ ╔════════════════════════════════════════════════════════════╗

2022-12-08 14:35:48,646 INFO     ___FILE_ONLY___ ╠═ Installing: gcloud Beta Commands                         ═╣

2022-12-08 14:35:48,646 INFO     ___FILE_ONLY___ ╚
2022-12-08 14:35:48,650 DEBUG    urllib3.connectionpool Starting new HTTPS connection (1): dl.google.com:443
2022-12-08 14:35:48,670 DEBUG    urllib3.connectionpool https://dl.google.com:443 "GET /dl/cloudsdk/channels/rapid/components/google-cloud-sdk-beta-20221205224721.tar.gz HTTP/1.1" 200 797
2022-12-08 14:35:48,671 INFO     ___FILE_ONLY___ ══════════════════════════════
2022-12-08 14:35:48,673 INFO     ___FILE_ONLY___ ══════════════════════════════
2022-12-08 14:35:48,673 INFO     ___FILE_ONLY___ ╝

2022-12-08 14:35:48,684 INFO     ___FILE_ONLY___ ╔════════════════════════════════════════════════════════════╗

2022-12-08 14:35:48,685 INFO     ___FILE_ONLY___ ╠═ Creating backup and activating new installation          ═╣

2022-12-08 14:35:48,685 INFO     ___FILE_ONLY___ ╚
2022-12-08 14:35:48,685 DEBUG    root            Attempting to move directory [/tools/google-cloud-sdk] to [/tools/google-cloud-sdk.staging/.install/.backup]
2022-12-08 14:35:48,685 INFO     ___FILE_ONLY___ ══════════════════════════════
2022-12-08 14:35:48,685 DEBUG    root            Attempting to move directory [/tools/google-cloud-sdk.staging] to [/tools/google-cloud-sdk]
2022-12-08 14:35:48,685 INFO     ___FILE_ONLY___ ══════════════════════════════
2022-12-08 14:35:48,686 INFO     ___FILE_ONLY___ ╝

2022-12-08 14:35:48,690 DEBUG    root            Updating notification cache...
2022-12-08 14:35:48,691 INFO     ___FILE_ONLY___ 

2022-12-08 14:35:48,696 INFO     ___FILE_ONLY___ Performing post processing steps...
2022-12-08 14:35:48,697 DEBUG    root            Executing command: ['python3', '-S', '/tools/google-cloud-sdk/lib/gcloud.py', 'components', 'post-process']
2022-12-08 14:36:15,647 DEBUG    ___FILE_ONLY___ 
2022-12-08 14:36:15,648 DEBUG    ___FILE_ONLY___ 
2022-12-08 14:36:15,737 INFO     ___FILE_ONLY___ 
Update done!


2022-12-08 14:36:15,741 INFO     root            Display format: "none"
